2016/11/15 14:52:50 [error] [php] Cannot modify header information - headers already sent by (output started at /home/quadrant/public_html/mod03/framework/web/CController.php:793) (/home/quadrant/public_html/mod03/framework/web/CHttpRequest.php:860)
Stack trace:
#0 /home/quadrant/public_html/mod03/protected/controllers/AccountController.php(1064): AccountController->redirect()
#1 unknown(0): AccountController->actionPrintReport()
#2 /home/quadrant/public_html/mod03/framework/web/actions/CAction.php(109): ReflectionMethod->invokeArgs()
#3 /home/quadrant/public_html/mod03/framework/web/actions/CInlineAction.php(47): CInlineAction->runWithParamsInternal()
#4 /home/quadrant/public_html/mod03/framework/web/CController.php(308): CInlineAction->runWithParams()
#5 /home/quadrant/public_html/mod03/framework/web/filters/CFilterChain.php(133): AccountController->runAction()
#6 /home/quadrant/public_html/mod03/framework/web/filters/CFilter.php(40): CFilterChain->run()
#7 /home/quadrant/public_html/mod03/framework/web/CController.php(1145): CAccessControlFilter->filter()
#8 /home/quadrant/public_html/mod03/framework/web/filters/CInlineFilter.php(58): AccountController->filterAccessControl()
#9 /home/quadrant/public_html/mod03/framework/web/filters/CFilterChain.php(130): CInlineFilter->filter()
#10 /home/quadrant/public_html/mod03/framework/web/CController.php(291): CFilterChain->run()
#11 /home/quadrant/public_html/mod03/framework/web/CController.php(265): AccountController->runActionWithFilters()
#12 /home/quadrant/public_html/mod03/framework/web/CWebApplication.php(282): AccountController->run()
#13 /home/quadrant/public_html/mod03/framework/web/CWebApplication.php(141): CWebApplication->runController()
#14 /home/quadrant/public_html/mod03/framework/base/CApplication.php(184): CWebApplication->processRequest()
#15 /home/quadrant/public_html/mod03/index.php(13): CWebApplication->run()
REQUEST_URI=/mod03/index.php/account/printreport/5631
in /home/quadrant/public_html/mod03/protected/controllers/AccountController.php (1064)
in /home/quadrant/public_html/mod03/index.php (13)
2016/11/15 14:53:05 [error] [php] Cannot modify header information - headers already sent by (output started at /home/quadrant/public_html/mod03/framework/web/CController.php:793) (/home/quadrant/public_html/mod03/framework/web/CHttpRequest.php:860)
Stack trace:
#0 /home/quadrant/public_html/mod03/protected/controllers/AccountController.php(1064): AccountController->redirect()
#1 unknown(0): AccountController->actionPrintReport()
#2 /home/quadrant/public_html/mod03/framework/web/actions/CAction.php(109): ReflectionMethod->invokeArgs()
#3 /home/quadrant/public_html/mod03/framework/web/actions/CInlineAction.php(47): CInlineAction->runWithParamsInternal()
#4 /home/quadrant/public_html/mod03/framework/web/CController.php(308): CInlineAction->runWithParams()
#5 /home/quadrant/public_html/mod03/framework/web/filters/CFilterChain.php(133): AccountController->runAction()
#6 /home/quadrant/public_html/mod03/framework/web/filters/CFilter.php(40): CFilterChain->run()
#7 /home/quadrant/public_html/mod03/framework/web/CController.php(1145): CAccessControlFilter->filter()
#8 /home/quadrant/public_html/mod03/framework/web/filters/CInlineFilter.php(58): AccountController->filterAccessControl()
#9 /home/quadrant/public_html/mod03/framework/web/filters/CFilterChain.php(130): CInlineFilter->filter()
#10 /home/quadrant/public_html/mod03/framework/web/CController.php(291): CFilterChain->run()
#11 /home/quadrant/public_html/mod03/framework/web/CController.php(265): AccountController->runActionWithFilters()
#12 /home/quadrant/public_html/mod03/framework/web/CWebApplication.php(282): AccountController->run()
#13 /home/quadrant/public_html/mod03/framework/web/CWebApplication.php(141): CWebApplication->runController()
#14 /home/quadrant/public_html/mod03/framework/base/CApplication.php(184): CWebApplication->processRequest()
#15 /home/quadrant/public_html/mod03/index.php(13): CWebApplication->run()
REQUEST_URI=/mod03/index.php/account/printreport/5632
in /home/quadrant/public_html/mod03/protected/controllers/AccountController.php (1064)
in /home/quadrant/public_html/mod03/index.php (13)
2016/11/15 14:58:45 [error] [php] Cannot modify header information - headers already sent by (output started at /home/quadrant/public_html/mod03/framework/web/CController.php:793) (/home/quadrant/public_html/mod03/framework/web/CHttpRequest.php:860)
Stack trace:
#0 /home/quadrant/public_html/mod03/protected/controllers/AccountController.php(1064): AccountController->redirect()
#1 unknown(0): AccountController->actionPrintReport()
#2 /home/quadrant/public_html/mod03/framework/web/actions/CAction.php(109): ReflectionMethod->invokeArgs()
#3 /home/quadrant/public_html/mod03/framework/web/actions/CInlineAction.php(47): CInlineAction->runWithParamsInternal()
#4 /home/quadrant/public_html/mod03/framework/web/CController.php(308): CInlineAction->runWithParams()
#5 /home/quadrant/public_html/mod03/framework/web/filters/CFilterChain.php(133): AccountController->runAction()
#6 /home/quadrant/public_html/mod03/framework/web/filters/CFilter.php(40): CFilterChain->run()
#7 /home/quadrant/public_html/mod03/framework/web/CController.php(1145): CAccessControlFilter->filter()
#8 /home/quadrant/public_html/mod03/framework/web/filters/CInlineFilter.php(58): AccountController->filterAccessControl()
#9 /home/quadrant/public_html/mod03/framework/web/filters/CFilterChain.php(130): CInlineFilter->filter()
#10 /home/quadrant/public_html/mod03/framework/web/CController.php(291): CFilterChain->run()
#11 /home/quadrant/public_html/mod03/framework/web/CController.php(265): AccountController->runActionWithFilters()
#12 /home/quadrant/public_html/mod03/framework/web/CWebApplication.php(282): AccountController->run()
#13 /home/quadrant/public_html/mod03/framework/web/CWebApplication.php(141): CWebApplication->runController()
#14 /home/quadrant/public_html/mod03/framework/base/CApplication.php(184): CWebApplication->processRequest()
#15 /home/quadrant/public_html/mod03/index.php(13): CWebApplication->run()
REQUEST_URI=/mod03/index.php/account/printreport/5627
in /home/quadrant/public_html/mod03/protected/controllers/AccountController.php (1064)
in /home/quadrant/public_html/mod03/index.php (13)
2016/11/15 15:00:14 [error] [php] Cannot modify header information - headers already sent by (output started at /home/quadrant/public_html/mod03/framework/web/CController.php:793) (/home/quadrant/public_html/mod03/framework/web/CHttpRequest.php:860)
Stack trace:
#0 /home/quadrant/public_html/mod03/protected/controllers/AccountController.php(1064): AccountController->redirect()
#1 unknown(0): AccountController->actionPrintReport()
#2 /home/quadrant/public_html/mod03/framework/web/actions/CAction.php(109): ReflectionMethod->invokeArgs()
#3 /home/quadrant/public_html/mod03/framework/web/actions/CInlineAction.php(47): CInlineAction->runWithParamsInternal()
#4 /home/quadrant/public_html/mod03/framework/web/CController.php(308): CInlineAction->runWithParams()
#5 /home/quadrant/public_html/mod03/framework/web/filters/CFilterChain.php(133): AccountController->runAction()
#6 /home/quadrant/public_html/mod03/framework/web/filters/CFilter.php(40): CFilterChain->run()
#7 /home/quadrant/public_html/mod03/framework/web/CController.php(1145): CAccessControlFilter->filter()
#8 /home/quadrant/public_html/mod03/framework/web/filters/CInlineFilter.php(58): AccountController->filterAccessControl()
#9 /home/quadrant/public_html/mod03/framework/web/filters/CFilterChain.php(130): CInlineFilter->filter()
#10 /home/quadrant/public_html/mod03/framework/web/CController.php(291): CFilterChain->run()
#11 /home/quadrant/public_html/mod03/framework/web/CController.php(265): AccountController->runActionWithFilters()
#12 /home/quadrant/public_html/mod03/framework/web/CWebApplication.php(282): AccountController->run()
#13 /home/quadrant/public_html/mod03/framework/web/CWebApplication.php(141): CWebApplication->runController()
#14 /home/quadrant/public_html/mod03/framework/base/CApplication.php(184): CWebApplication->processRequest()
#15 /home/quadrant/public_html/mod03/index.php(13): CWebApplication->run()
REQUEST_URI=/mod03/index.php/account/printreport/7196
in /home/quadrant/public_html/mod03/protected/controllers/AccountController.php (1064)
in /home/quadrant/public_html/mod03/index.php (13)
2016/11/15 15:00:32 [error] [php] Cannot modify header information - headers already sent by (output started at /home/quadrant/public_html/mod03/framework/web/CController.php:793) (/home/quadrant/public_html/mod03/framework/web/CHttpRequest.php:860)
Stack trace:
#0 /home/quadrant/public_html/mod03/protected/controllers/AccountController.php(1064): AccountController->redirect()
#1 unknown(0): AccountController->actionPrintReport()
#2 /home/quadrant/public_html/mod03/framework/web/actions/CAction.php(109): ReflectionMethod->invokeArgs()
#3 /home/quadrant/public_html/mod03/framework/web/actions/CInlineAction.php(47): CInlineAction->runWithParamsInternal()
#4 /home/quadrant/public_html/mod03/framework/web/CController.php(308): CInlineAction->runWithParams()
#5 /home/quadrant/public_html/mod03/framework/web/filters/CFilterChain.php(133): AccountController->runAction()
#6 /home/quadrant/public_html/mod03/framework/web/filters/CFilter.php(40): CFilterChain->run()
#7 /home/quadrant/public_html/mod03/framework/web/CController.php(1145): CAccessControlFilter->filter()
#8 /home/quadrant/public_html/mod03/framework/web/filters/CInlineFilter.php(58): AccountController->filterAccessControl()
#9 /home/quadrant/public_html/mod03/framework/web/filters/CFilterChain.php(130): CInlineFilter->filter()
#10 /home/quadrant/public_html/mod03/framework/web/CController.php(291): CFilterChain->run()
#11 /home/quadrant/public_html/mod03/framework/web/CController.php(265): AccountController->runActionWithFilters()
#12 /home/quadrant/public_html/mod03/framework/web/CWebApplication.php(282): AccountController->run()
#13 /home/quadrant/public_html/mod03/framework/web/CWebApplication.php(141): CWebApplication->runController()
#14 /home/quadrant/public_html/mod03/framework/base/CApplication.php(184): CWebApplication->processRequest()
#15 /home/quadrant/public_html/mod03/index.php(13): CWebApplication->run()
REQUEST_URI=/mod03/index.php/account/printreport/9497
in /home/quadrant/public_html/mod03/protected/controllers/AccountController.php (1064)
in /home/quadrant/public_html/mod03/index.php (13)
2016/11/15 15:01:14 [error] [php] Cannot modify header information - headers already sent by (output started at /home/quadrant/public_html/mod03/framework/web/CController.php:793) (/home/quadrant/public_html/mod03/framework/web/CHttpRequest.php:860)
Stack trace:
#0 /home/quadrant/public_html/mod03/protected/controllers/AccountController.php(1064): AccountController->redirect()
#1 unknown(0): AccountController->actionPrintReport()
#2 /home/quadrant/public_html/mod03/framework/web/actions/CAction.php(109): ReflectionMethod->invokeArgs()
#3 /home/quadrant/public_html/mod03/framework/web/actions/CInlineAction.php(47): CInlineAction->runWithParamsInternal()
#4 /home/quadrant/public_html/mod03/framework/web/CController.php(308): CInlineAction->runWithParams()
#5 /home/quadrant/public_html/mod03/framework/web/filters/CFilterChain.php(133): AccountController->runAction()
#6 /home/quadrant/public_html/mod03/framework/web/filters/CFilter.php(40): CFilterChain->run()
#7 /home/quadrant/public_html/mod03/framework/web/CController.php(1145): CAccessControlFilter->filter()
#8 /home/quadrant/public_html/mod03/framework/web/filters/CInlineFilter.php(58): AccountController->filterAccessControl()
#9 /home/quadrant/public_html/mod03/framework/web/filters/CFilterChain.php(130): CInlineFilter->filter()
#10 /home/quadrant/public_html/mod03/framework/web/CController.php(291): CFilterChain->run()
#11 /home/quadrant/public_html/mod03/framework/web/CController.php(265): AccountController->runActionWithFilters()
#12 /home/quadrant/public_html/mod03/framework/web/CWebApplication.php(282): AccountController->run()
#13 /home/quadrant/public_html/mod03/framework/web/CWebApplication.php(141): CWebApplication->runController()
#14 /home/quadrant/public_html/mod03/framework/base/CApplication.php(184): CWebApplication->processRequest()
#15 /home/quadrant/public_html/mod03/index.php(13): CWebApplication->run()
REQUEST_URI=/mod03/index.php/account/printreport/3451
in /home/quadrant/public_html/mod03/protected/controllers/AccountController.php (1064)
in /home/quadrant/public_html/mod03/index.php (13)
2016/11/15 15:01:29 [error] [php] Cannot modify header information - headers already sent by (output started at /home/quadrant/public_html/mod03/framework/web/CController.php:793) (/home/quadrant/public_html/mod03/framework/web/CHttpRequest.php:860)
Stack trace:
#0 /home/quadrant/public_html/mod03/protected/controllers/AccountController.php(1064): AccountController->redirect()
#1 unknown(0): AccountController->actionPrintReport()
#2 /home/quadrant/public_html/mod03/framework/web/actions/CAction.php(109): ReflectionMethod->invokeArgs()
#3 /home/quadrant/public_html/mod03/framework/web/actions/CInlineAction.php(47): CInlineAction->runWithParamsInternal()
#4 /home/quadrant/public_html/mod03/framework/web/CController.php(308): CInlineAction->runWithParams()
#5 /home/quadrant/public_html/mod03/framework/web/filters/CFilterChain.php(133): AccountController->runAction()
#6 /home/quadrant/public_html/mod03/framework/web/filters/CFilter.php(40): CFilterChain->run()
#7 /home/quadrant/public_html/mod03/framework/web/CController.php(1145): CAccessControlFilter->filter()
#8 /home/quadrant/public_html/mod03/framework/web/filters/CInlineFilter.php(58): AccountController->filterAccessControl()
#9 /home/quadrant/public_html/mod03/framework/web/filters/CFilterChain.php(130): CInlineFilter->filter()
#10 /home/quadrant/public_html/mod03/framework/web/CController.php(291): CFilterChain->run()
#11 /home/quadrant/public_html/mod03/framework/web/CController.php(265): AccountController->runActionWithFilters()
#12 /home/quadrant/public_html/mod03/framework/web/CWebApplication.php(282): AccountController->run()
#13 /home/quadrant/public_html/mod03/framework/web/CWebApplication.php(141): CWebApplication->runController()
#14 /home/quadrant/public_html/mod03/framework/base/CApplication.php(184): CWebApplication->processRequest()
#15 /home/quadrant/public_html/mod03/index.php(13): CWebApplication->run()
REQUEST_URI=/mod03/index.php/account/printreport/6480
in /home/quadrant/public_html/mod03/protected/controllers/AccountController.php (1064)
in /home/quadrant/public_html/mod03/index.php (13)
2016/11/15 15:01:44 [error] [php] Cannot modify header information - headers already sent by (output started at /home/quadrant/public_html/mod03/framework/web/CController.php:793) (/home/quadrant/public_html/mod03/framework/web/CHttpRequest.php:860)
Stack trace:
#0 /home/quadrant/public_html/mod03/protected/controllers/AccountController.php(1064): AccountController->redirect()
#1 unknown(0): AccountController->actionPrintReport()
#2 /home/quadrant/public_html/mod03/framework/web/actions/CAction.php(109): ReflectionMethod->invokeArgs()
#3 /home/quadrant/public_html/mod03/framework/web/actions/CInlineAction.php(47): CInlineAction->runWithParamsInternal()
#4 /home/quadrant/public_html/mod03/framework/web/CController.php(308): CInlineAction->runWithParams()
#5 /home/quadrant/public_html/mod03/framework/web/filters/CFilterChain.php(133): AccountController->runAction()
#6 /home/quadrant/public_html/mod03/framework/web/filters/CFilter.php(40): CFilterChain->run()
#7 /home/quadrant/public_html/mod03/framework/web/CController.php(1145): CAccessControlFilter->filter()
#8 /home/quadrant/public_html/mod03/framework/web/filters/CInlineFilter.php(58): AccountController->filterAccessControl()
#9 /home/quadrant/public_html/mod03/framework/web/filters/CFilterChain.php(130): CInlineFilter->filter()
#10 /home/quadrant/public_html/mod03/framework/web/CController.php(291): CFilterChain->run()
#11 /home/quadrant/public_html/mod03/framework/web/CController.php(265): AccountController->runActionWithFilters()
#12 /home/quadrant/public_html/mod03/framework/web/CWebApplication.php(282): AccountController->run()
#13 /home/quadrant/public_html/mod03/framework/web/CWebApplication.php(141): CWebApplication->runController()
#14 /home/quadrant/public_html/mod03/framework/base/CApplication.php(184): CWebApplication->processRequest()
#15 /home/quadrant/public_html/mod03/index.php(13): CWebApplication->run()
REQUEST_URI=/mod03/index.php/account/printreport/10120
in /home/quadrant/public_html/mod03/protected/controllers/AccountController.php (1064)
in /home/quadrant/public_html/mod03/index.php (13)
2016/11/15 15:02:43 [error] [php] Cannot modify header information - headers already sent by (output started at /home/quadrant/public_html/mod03/framework/web/CController.php:793) (/home/quadrant/public_html/mod03/framework/web/CHttpRequest.php:860)
Stack trace:
#0 /home/quadrant/public_html/mod03/protected/controllers/AccountController.php(1064): AccountController->redirect()
#1 unknown(0): AccountController->actionPrintReport()
#2 /home/quadrant/public_html/mod03/framework/web/actions/CAction.php(109): ReflectionMethod->invokeArgs()
#3 /home/quadrant/public_html/mod03/framework/web/actions/CInlineAction.php(47): CInlineAction->runWithParamsInternal()
#4 /home/quadrant/public_html/mod03/framework/web/CController.php(308): CInlineAction->runWithParams()
#5 /home/quadrant/public_html/mod03/framework/web/filters/CFilterChain.php(133): AccountController->runAction()
#6 /home/quadrant/public_html/mod03/framework/web/filters/CFilter.php(40): CFilterChain->run()
#7 /home/quadrant/public_html/mod03/framework/web/CController.php(1145): CAccessControlFilter->filter()
#8 /home/quadrant/public_html/mod03/framework/web/filters/CInlineFilter.php(58): AccountController->filterAccessControl()
#9 /home/quadrant/public_html/mod03/framework/web/filters/CFilterChain.php(130): CInlineFilter->filter()
#10 /home/quadrant/public_html/mod03/framework/web/CController.php(291): CFilterChain->run()
#11 /home/quadrant/public_html/mod03/framework/web/CController.php(265): AccountController->runActionWithFilters()
#12 /home/quadrant/public_html/mod03/framework/web/CWebApplication.php(282): AccountController->run()
#13 /home/quadrant/public_html/mod03/framework/web/CWebApplication.php(141): CWebApplication->runController()
#14 /home/quadrant/public_html/mod03/framework/base/CApplication.php(184): CWebApplication->processRequest()
#15 /home/quadrant/public_html/mod03/index.php(13): CWebApplication->run()
REQUEST_URI=/mod03/index.php/account/printreport/5628
in /home/quadrant/public_html/mod03/protected/controllers/AccountController.php (1064)
in /home/quadrant/public_html/mod03/index.php (13)
2016/11/15 15:02:57 [error] [php] Cannot modify header information - headers already sent by (output started at /home/quadrant/public_html/mod03/framework/web/CController.php:793) (/home/quadrant/public_html/mod03/framework/web/CHttpRequest.php:860)
Stack trace:
#0 /home/quadrant/public_html/mod03/protected/controllers/AccountController.php(1064): AccountController->redirect()
#1 unknown(0): AccountController->actionPrintReport()
#2 /home/quadrant/public_html/mod03/framework/web/actions/CAction.php(109): ReflectionMethod->invokeArgs()
#3 /home/quadrant/public_html/mod03/framework/web/actions/CInlineAction.php(47): CInlineAction->runWithParamsInternal()
#4 /home/quadrant/public_html/mod03/framework/web/CController.php(308): CInlineAction->runWithParams()
#5 /home/quadrant/public_html/mod03/framework/web/filters/CFilterChain.php(133): AccountController->runAction()
#6 /home/quadrant/public_html/mod03/framework/web/filters/CFilter.php(40): CFilterChain->run()
#7 /home/quadrant/public_html/mod03/framework/web/CController.php(1145): CAccessControlFilter->filter()
#8 /home/quadrant/public_html/mod03/framework/web/filters/CInlineFilter.php(58): AccountController->filterAccessControl()
#9 /home/quadrant/public_html/mod03/framework/web/filters/CFilterChain.php(130): CInlineFilter->filter()
#10 /home/quadrant/public_html/mod03/framework/web/CController.php(291): CFilterChain->run()
#11 /home/quadrant/public_html/mod03/framework/web/CController.php(265): AccountController->runActionWithFilters()
#12 /home/quadrant/public_html/mod03/framework/web/CWebApplication.php(282): AccountController->run()
#13 /home/quadrant/public_html/mod03/framework/web/CWebApplication.php(141): CWebApplication->runController()
#14 /home/quadrant/public_html/mod03/framework/base/CApplication.php(184): CWebApplication->processRequest()
#15 /home/quadrant/public_html/mod03/index.php(13): CWebApplication->run()
REQUEST_URI=/mod03/index.php/account/printreport/9490
in /home/quadrant/public_html/mod03/protected/controllers/AccountController.php (1064)
in /home/quadrant/public_html/mod03/index.php (13)
2016/11/15 15:37:07 [error] [php] Cannot modify header information - headers already sent by (output started at /home/quadrant/public_html/mod03/framework/web/CController.php:793) (/home/quadrant/public_html/mod03/framework/web/CHttpRequest.php:860)
Stack trace:
#0 /home/quadrant/public_html/mod03/protected/controllers/AccountController.php(1064): AccountController->redirect()
#1 unknown(0): AccountController->actionPrintReport()
#2 /home/quadrant/public_html/mod03/framework/web/actions/CAction.php(109): ReflectionMethod->invokeArgs()
#3 /home/quadrant/public_html/mod03/framework/web/actions/CInlineAction.php(47): CInlineAction->runWithParamsInternal()
#4 /home/quadrant/public_html/mod03/framework/web/CController.php(308): CInlineAction->runWithParams()
#5 /home/quadrant/public_html/mod03/framework/web/filters/CFilterChain.php(133): AccountController->runAction()
#6 /home/quadrant/public_html/mod03/framework/web/filters/CFilter.php(40): CFilterChain->run()
#7 /home/quadrant/public_html/mod03/framework/web/CController.php(1145): CAccessControlFilter->filter()
#8 /home/quadrant/public_html/mod03/framework/web/filters/CInlineFilter.php(58): AccountController->filterAccessControl()
#9 /home/quadrant/public_html/mod03/framework/web/filters/CFilterChain.php(130): CInlineFilter->filter()
#10 /home/quadrant/public_html/mod03/framework/web/CController.php(291): CFilterChain->run()
#11 /home/quadrant/public_html/mod03/framework/web/CController.php(265): AccountController->runActionWithFilters()
#12 /home/quadrant/public_html/mod03/framework/web/CWebApplication.php(282): AccountController->run()
#13 /home/quadrant/public_html/mod03/framework/web/CWebApplication.php(141): CWebApplication->runController()
#14 /home/quadrant/public_html/mod03/framework/base/CApplication.php(184): CWebApplication->processRequest()
#15 /home/quadrant/public_html/mod03/index.php(13): CWebApplication->run()
REQUEST_URI=/mod03/index.php/account/printreport/7194
in /home/quadrant/public_html/mod03/protected/controllers/AccountController.php (1064)
in /home/quadrant/public_html/mod03/index.php (13)
2016/11/15 15:38:42 [error] [php] Cannot modify header information - headers already sent by (output started at /home/quadrant/public_html/mod03/framework/web/CController.php:793) (/home/quadrant/public_html/mod03/framework/web/CHttpRequest.php:860)
Stack trace:
#0 /home/quadrant/public_html/mod03/protected/controllers/AccountController.php(1064): AccountController->redirect()
#1 unknown(0): AccountController->actionPrintReport()
#2 /home/quadrant/public_html/mod03/framework/web/actions/CAction.php(109): ReflectionMethod->invokeArgs()
#3 /home/quadrant/public_html/mod03/framework/web/actions/CInlineAction.php(47): CInlineAction->runWithParamsInternal()
#4 /home/quadrant/public_html/mod03/framework/web/CController.php(308): CInlineAction->runWithParams()
#5 /home/quadrant/public_html/mod03/framework/web/filters/CFilterChain.php(133): AccountController->runAction()
#6 /home/quadrant/public_html/mod03/framework/web/filters/CFilter.php(40): CFilterChain->run()
#7 /home/quadrant/public_html/mod03/framework/web/CController.php(1145): CAccessControlFilter->filter()
#8 /home/quadrant/public_html/mod03/framework/web/filters/CInlineFilter.php(58): AccountController->filterAccessControl()
#9 /home/quadrant/public_html/mod03/framework/web/filters/CFilterChain.php(130): CInlineFilter->filter()
#10 /home/quadrant/public_html/mod03/framework/web/CController.php(291): CFilterChain->run()
#11 /home/quadrant/public_html/mod03/framework/web/CController.php(265): AccountController->runActionWithFilters()
#12 /home/quadrant/public_html/mod03/framework/web/CWebApplication.php(282): AccountController->run()
#13 /home/quadrant/public_html/mod03/framework/web/CWebApplication.php(141): CWebApplication->runController()
#14 /home/quadrant/public_html/mod03/framework/base/CApplication.php(184): CWebApplication->processRequest()
#15 /home/quadrant/public_html/mod03/index.php(13): CWebApplication->run()
REQUEST_URI=/mod03/index.php/account/printreport/1210
in /home/quadrant/public_html/mod03/protected/controllers/AccountController.php (1064)
in /home/quadrant/public_html/mod03/index.php (13)
2016/11/15 15:39:04 [error] [php] Cannot modify header information - headers already sent by (output started at /home/quadrant/public_html/mod03/framework/web/CController.php:793) (/home/quadrant/public_html/mod03/framework/web/CHttpRequest.php:860)
Stack trace:
#0 /home/quadrant/public_html/mod03/protected/controllers/AccountController.php(1064): AccountController->redirect()
#1 unknown(0): AccountController->actionPrintReport()
#2 /home/quadrant/public_html/mod03/framework/web/actions/CAction.php(109): ReflectionMethod->invokeArgs()
#3 /home/quadrant/public_html/mod03/framework/web/actions/CInlineAction.php(47): CInlineAction->runWithParamsInternal()
#4 /home/quadrant/public_html/mod03/framework/web/CController.php(308): CInlineAction->runWithParams()
#5 /home/quadrant/public_html/mod03/framework/web/filters/CFilterChain.php(133): AccountController->runAction()
#6 /home/quadrant/public_html/mod03/framework/web/filters/CFilter.php(40): CFilterChain->run()
#7 /home/quadrant/public_html/mod03/framework/web/CController.php(1145): CAccessControlFilter->filter()
#8 /home/quadrant/public_html/mod03/framework/web/filters/CInlineFilter.php(58): AccountController->filterAccessControl()
#9 /home/quadrant/public_html/mod03/framework/web/filters/CFilterChain.php(130): CInlineFilter->filter()
#10 /home/quadrant/public_html/mod03/framework/web/CController.php(291): CFilterChain->run()
#11 /home/quadrant/public_html/mod03/framework/web/CController.php(265): AccountController->runActionWithFilters()
#12 /home/quadrant/public_html/mod03/framework/web/CWebApplication.php(282): AccountController->run()
#13 /home/quadrant/public_html/mod03/framework/web/CWebApplication.php(141): CWebApplication->runController()
#14 /home/quadrant/public_html/mod03/framework/base/CApplication.php(184): CWebApplication->processRequest()
#15 /home/quadrant/public_html/mod03/index.php(13): CWebApplication->run()
REQUEST_URI=/mod03/index.php/account/printreport/1194
in /home/quadrant/public_html/mod03/protected/controllers/AccountController.php (1064)
in /home/quadrant/public_html/mod03/index.php (13)
2016/11/21 22:09:10 [error] [php] Cannot modify header information - headers already sent by (output started at /home/quadrant/public_html/mod03/framework/web/CController.php:793) (/home/quadrant/public_html/mod03/framework/web/CHttpRequest.php:860)
Stack trace:
#0 /home/quadrant/public_html/mod03/protected/controllers/AccountController.php(1064): AccountController->redirect()
#1 unknown(0): AccountController->actionPrintReport()
#2 /home/quadrant/public_html/mod03/framework/web/actions/CAction.php(109): ReflectionMethod->invokeArgs()
#3 /home/quadrant/public_html/mod03/framework/web/actions/CInlineAction.php(47): CInlineAction->runWithParamsInternal()
#4 /home/quadrant/public_html/mod03/framework/web/CController.php(308): CInlineAction->runWithParams()
#5 /home/quadrant/public_html/mod03/framework/web/filters/CFilterChain.php(133): AccountController->runAction()
#6 /home/quadrant/public_html/mod03/framework/web/filters/CFilter.php(40): CFilterChain->run()
#7 /home/quadrant/public_html/mod03/framework/web/CController.php(1145): CAccessControlFilter->filter()
#8 /home/quadrant/public_html/mod03/framework/web/filters/CInlineFilter.php(58): AccountController->filterAccessControl()
#9 /home/quadrant/public_html/mod03/framework/web/filters/CFilterChain.php(130): CInlineFilter->filter()
#10 /home/quadrant/public_html/mod03/framework/web/CController.php(291): CFilterChain->run()
#11 /home/quadrant/public_html/mod03/framework/web/CController.php(265): AccountController->runActionWithFilters()
#12 /home/quadrant/public_html/mod03/framework/web/CWebApplication.php(282): AccountController->run()
#13 /home/quadrant/public_html/mod03/framework/web/CWebApplication.php(141): CWebApplication->runController()
#14 /home/quadrant/public_html/mod03/framework/base/CApplication.php(184): CWebApplication->processRequest()
#15 /home/quadrant/public_html/mod03/index.php(13): CWebApplication->run()
REQUEST_URI=/mod03/index.php/account/printreport/1044
in /home/quadrant/public_html/mod03/protected/controllers/AccountController.php (1064)
in /home/quadrant/public_html/mod03/index.php (13)
